  Integration.cpp
C:\Users\karol morawski\_projects\Visual Studio\MetodyNumeryczne\Metody-Numeryczne2019\mnumeryczne\Integration.cpp(16): warning C4018: '<': signed/unsigned mismatch
C:\Users\karol morawski\_projects\Visual Studio\MetodyNumeryczne\Metody-Numeryczne2019\mnumeryczne\Integration.cpp(53): warning C4018: '<': signed/unsigned mismatch
  InterNewton.cpp
C:\Users\karol morawski\_projects\Visual Studio\MetodyNumeryczne\Metody-Numeryczne2019\mnumeryczne\InterNewton.cpp(21): warning C4267: 'initializing': conversion from 'size_t' to 'int', possible loss of data
  LeastSquares.cpp
C:\Users\karol morawski\_projects\Visual Studio\MetodyNumeryczne\Metody-Numeryczne2019\mnumeryczne\LeastSquares.cpp(31): warning C4267: '=': conversion from 'size_t' to 'int', possible loss of data
C:\Users\karol morawski\_projects\Visual Studio\MetodyNumeryczne\Metody-Numeryczne2019\mnumeryczne\LeastSquares.cpp(32): warning C4267: '=': conversion from 'size_t' to 'int', possible loss of data
C:\Users\karol morawski\_projects\Visual Studio\MetodyNumeryczne\Metody-Numeryczne2019\mnumeryczne\LeastSquares.cpp(33): warning C4267: '=': conversion from 'size_t' to 'int', possible loss of data
C:\Users\karol morawski\_projects\Visual Studio\MetodyNumeryczne\Metody-Numeryczne2019\mnumeryczne\LeastSquares.cpp(55): warning C4018: '<': signed/unsigned mismatch
C:\Users\karol morawski\_projects\Visual Studio\MetodyNumeryczne\Metody-Numeryczne2019\mnumeryczne\LeastSquares.cpp(71): warning C4018: '<': signed/unsigned mismatch
C:\Users\karol morawski\_projects\Visual Studio\MetodyNumeryczne\Metody-Numeryczne2019\mnumeryczne\LeastSquares.cpp(73): warning C4018: '<': signed/unsigned mismatch
  MnMath.cpp
C:\Users\karol morawski\_projects\Visual Studio\MetodyNumeryczne\Metody-Numeryczne2019\mnumeryczne\MnMath.cpp(47): warning C4244: 'initializing': conversion from 'std::streamoff' to 'int', possible loss of data
C:\Users\karol morawski\_projects\Visual Studio\MetodyNumeryczne\Metody-Numeryczne2019\mnumeryczne\MnMath.cpp(205): warning C4244: 'initializing': conversion from 'unsigned __int64' to 'double', possible loss of data
C:\Users\karol morawski\_projects\Visual Studio\MetodyNumeryczne\Metody-Numeryczne2019\mnumeryczne\MnMath.cpp(206): warning C4244: 'argument': conversion from 'double' to 'unsigned int', possible loss of data
  diffeq.cpp
  lagrangeInter.cpp
  main.cpp
  newton-cotes.cpp
C:\Users\karol morawski\_projects\Visual Studio\MetodyNumeryczne\Metody-Numeryczne2019\mnumeryczne\newton-cotes.cpp(67): warning C4101: 'table': unreferenced local variable
  Generating Code...
  mnumeryczne.vcxproj -> C:\Users\karol morawski\_projects\Visual Studio\MetodyNumeryczne\Metody-Numeryczne2019\x64\Debug\mnumeryczne.exe
